0 info it worked if it ends with ok
1 verbose cli [ 'c:\\Program Files\\nodejs\\node.exe',
1 verbose cli   'c:\\Program Files\\nodejs\\node_modules\\npm\\bin\\npm-cli.js',
1 verbose cli   'info',
1 verbose cli   'ngAnimate' ]
2 info using npm@2.11.3
3 info using node@v0.12.7
4 silly mapToRegistry name ngAnimate
5 silly mapToRegistry using default registry
6 silly mapToRegistry registry https://registry.npm.taobao.org/
7 silly mapToRegistry uri https://registry.npm.taobao.org/ngAnimate
8 verbose request uri https://registry.npm.taobao.org/ngAnimate
9 verbose request no auth needed
10 info attempt registry request try #1 at 17:21:15
11 verbose request id d6fc4cb476c1a0ac
12 http request GET https://registry.npm.taobao.org/ngAnimate
13 http 404 https://registry.npm.taobao.org/ngAnimate
14 verbose headers { 'content-type': 'application/json',
14 verbose headers   'cache-control': 'max-age=0',
14 verbose headers   'content-length': '2',
14 verbose headers   'accept-ranges': 'bytes',
14 verbose headers   date: 'Sun, 27 Dec 2015 09:20:56 GMT',
14 verbose headers   via: '1.1 varnish',
14 verbose headers   age: '0',
14 verbose headers   connection: 'close',
14 verbose headers   'x-served-by': 'cache-lcy1122-LCY',
14 verbose headers   'x-cache': 'MISS',
14 verbose headers   'x-cache-hits': '0',
14 verbose headers   'x-timer': 'S1451208056.501041,VS0,VE379' }
15 silly get cb [ 404,
15 silly get   { 'content-type': 'application/json',
15 silly get     'cache-control': 'max-age=0',
15 silly get     'content-length': '2',
15 silly get     'accept-ranges': 'bytes',
15 silly get     date: 'Sun, 27 Dec 2015 09:20:56 GMT',
15 silly get     via: '1.1 varnish',
15 silly get     age: '0',
15 silly get     connection: 'close',
15 silly get     'x-served-by': 'cache-lcy1122-LCY',
15 silly get     'x-cache': 'MISS',
15 silly get     'x-cache-hits': '0',
15 silly get     'x-timer': 'S1451208056.501041,VS0,VE379' } ]
16 verbose stack Error: Registry returned 404 for GET on https://registry.npm.taobao.org/ngAnimate
16 verbose stack     at CachingRegistryClient.<anonymous> (c:\Program Files\nodejs\node_modules\npm\node_modules\npm-registry-client\lib\request.js:239:14)
16 verbose stack     at Request._callback (c:\Program Files\nodejs\node_modules\npm\node_modules\npm-registry-client\lib\request.js:170:14)
16 verbose stack     at Request.self.callback (c:\Program Files\nodejs\node_modules\npm\node_modules\request\request.js:354:22)
16 verbose stack     at Request.emit (events.js:110:17)
16 verbose stack     at Request.<anonymous> (c:\Program Files\nodejs\node_modules\npm\node_modules\request\request.js:1207:14)
16 verbose stack     at Request.emit (events.js:129:20)
16 verbose stack     at IncomingMessage.<anonymous> (c:\Program Files\nodejs\node_modules\npm\node_modules\request\request.js:1153:12)
16 verbose stack     at IncomingMessage.emit (events.js:129:20)
16 verbose stack     at _stream_readable.js:908:16
16 verbose stack     at process._tickCallback (node.js:355:11)
17 verbose statusCode 404
18 verbose pkgid ngAnimate
19 verbose cwd c:\Users\洋\Desktop\js\angularjs
20 error Windows_NT 6.3.9600
21 error argv "c:\\Program Files\\nodejs\\node.exe" "c:\\Program Files\\nodejs\\node_modules\\npm\\bin\\npm-cli.js" "info" "ngAnimate"
22 error node v0.12.7
23 error npm  v2.11.3
24 error code E404
25 error 404 Registry returned 404 for GET on https://registry.npm.taobao.org/ngAnimate
25 error 404
25 error 404 'ngAnimate' is not in the npm registry.
25 error 404 Your package name is not valid, because
25 error 404
25 error 404  1. name can no longer contain capital letters
25 error 404
25 error 404 Note that you can also install from a
25 error 404 tarball, folder, http url, or git url.
26 verbose exit [ 1, true ]
